<?xml version="1.0" encoding="UTF-8"?>
<testsuite xmlns:xsi="http://www.w3.org/2001/XMLSchema-instance" xsi:noNamespaceSchemaLocation="https://maven.apache.org/surefire/maven-surefire-plugin/xsd/surefire-test-report.xsd" name="com.yandex.RegistrationTest" time="8.485" tests="2" errors="0" skipped="0" failures="1">
  <properties>
[...]
</properties>
  <testcase name="errorMessageWithInvalidPasswordTest" classname="com.yandex.RegistrationTest" time="4.893">
    <failure message="expected:&lt;[Некорректный пароль]&gt; but was:&lt;[Введите не менее 6 символов]&gt;" type="org.junit.ComparisonFailure"><![CDATA[org.junit.ComparisonFailure: expected:<[Некорректный пароль]> but was:<[Введите не менее 6 символов]>
	at com.yandex.RegistrationTest.errorMessageWithInvalidPasswordTest(RegistrationTest.java:26)
]]></failure>
    <system-err><![CDATA[Starting ChromeDriver 97.0.4692.71 (adefa7837d02a07a604c1e6eff0b3a09422ab88d-refs/branch-heads/4692@{#1247}) on port 17375
Only local connections are allowed.
Please see https://chromedriver.chromium.org/security-considerations for suggestions on keeping ChromeDriver safe.
ChromeDriver was started successfully.
янв. 13, 2022 12:29:10 AM org.openqa.selenium.remote.ProtocolHandshake createSession
INFO: Detected dialect: W3C
]]></system-err>
  </testcase>
  <testcase name="successfulRegistrationTest" classname="com.yandex.RegistrationTest" time="3.592"/>
</testsuite>